[debug] [2019-01-18T21:57:05.618Z] ----------------------------------------------------------------------
[debug] [2019-01-18T21:57:05.620Z] Command:       /usr/local/Cellar/node/10.8.0/bin/node /usr/local/bin/firebase serve --only hosting
[debug] [2019-01-18T21:57:05.620Z] CLI Version:   6.0.0
[debug] [2019-01-18T21:57:05.620Z] Platform:      darwin
[debug] [2019-01-18T21:57:05.620Z] Node Version:  v10.8.0
[debug] [2019-01-18T21:57:05.621Z] Time:          Fri Jan 18 2019 15:57:05 GMT-0600 (Central Standard Time)
[debug] [2019-01-18T21:57:05.622Z] ----------------------------------------------------------------------
[debug] 
[debug] [2019-01-18T21:57:05.635Z] > command requires scopes: ["email","openid","https://www.googleapis.com/auth/cloudplatformprojects.readonly","https://www.googleapis.com/auth/firebase","https://www.googleapis.com/auth/cloud-platform"]
[debug] [2019-01-18T21:57:05.636Z] > authorizing via signed-in user
[debug] [2019-01-18T21:57:05.636Z] [iam] checking project counters-3ce96 for permissions ["firebase.projects.get"]
[debug] [2019-01-18T21:57:05.638Z] > refreshing access token with scopes: ["email","https://www.googleapis.com/auth/cloud-platform","https://www.googleapis.com/auth/cloudplatformprojects.readonly","https://www.googleapis.com/auth/firebase","openid"]
[debug] [2019-01-18T21:57:05.638Z] >>> HTTP REQUEST POST https://www.googleapis.com/oauth2/v3/token  
 <request body omitted>
[debug] [2019-01-18T21:57:05.889Z] <<< HTTP RESPONSE 200
[debug] [2019-01-18T21:57:05.925Z] >>> HTTP REQUEST POST https://cloudresourcemanager.googleapis.com/v1/projects/counters-3ce96:testIamPermissions  

[debug] [2019-01-18T21:57:06.370Z] <<< HTTP RESPONSE 200
[debug] [2019-01-18T21:57:06.371Z] >>> HTTP REQUEST GET https://cloudresourcemanager.googleapis.com/v1/projects/counters-3ce96  
 
[debug] [2019-01-18T21:57:06.615Z] <<< HTTP RESPONSE 200
[info] 
[info] === Serving from '/Users/tevanc/personal/projects/counters'...
[info] 
[debug] [2019-01-18T21:57:06.617Z] >>> HTTP REQUEST GET https://mobilesdk-pa.googleapis.com/v1/projects/234417785477/clients/_:getWebAppConfig  
 
[debug] [2019-01-18T21:57:07.162Z] <<< HTTP RESPONSE 200
[info] i  hosting: Serving hosting files from: dist
[info] ✔  hosting: Local server: http://localhost:5000
